The system is: Linux - 2.6.32-573.12.1.el6.x86_64 - x86_64
Compiling the C compiler identification source file "CMakeCCompilerId.c" succeeded.
Compiler: /usr/sup/bin/cc 
Build flags: 
Id flags: 

The output was:
0


Compilation of the C compiler identification source "CMakeCCompilerId.c" produced "a.out"

The C compiler identification is GNU, found in "/h/mvanweli/femalehewmon/tutorials/opencv/LoadModSave/CMakeFiles/3.3.1/CompilerIdC/a.out"

Compiling the CXX compiler identification source file "CMakeCXXCompilerId.cpp" succeeded.
Compiler: /usr/sup/bin/c++ 
Build flags: 
Id flags: 

The output was:
0


Compilation of the CXX compiler identification source "CMakeCXXCompilerId.cpp" produced "a.out"

The CXX compiler identification is GNU, found in "/h/mvanweli/femalehewmon/tutorials/opencv/LoadModSave/CMakeFiles/3.3.1/CompilerIdCXX/a.out"

Determining if the C compiler works passed with the following output:
Change Dir: /h/mvanweli/femalehewmon/tutorials/opencv/LoadModSave/CMakeFiles/CMakeTmp

Run Build Command:"/usr/bin/gmake" "cmTC_f3994/fast"
/usr/bin/gmake -f CMakeFiles/cmTC_f3994.dir/build.make CMakeFiles/cmTC_f3994.dir/build
gmake[1]: Entering directory `/h/mvanweli/femalehewmon/tutorials/opencv/LoadModSave/CMakeFiles/CMakeTmp'
Building C object CMakeFiles/cmTC_f3994.dir/testCCompiler.c.o
/usr/sup/bin/cc    -o CMakeFiles/cmTC_f3994.dir/testCCompiler.c.o   -c /h/mvanweli/femalehewmon/tutorials/opencv/LoadModSave/CMakeFiles/CMakeTmp/testCCompiler.c
Linking C executable cmTC_f3994
/usr/sup/cmake-3.3.1/bin/cmake -E cmake_link_script CMakeFiles/cmTC_f3994.dir/link.txt --verbose=1
/usr/sup/bin/cc       CMakeFiles/cmTC_f3994.dir/testCCompiler.c.o  -o cmTC_f3994 -rdynamic 
gmake[1]: Leaving directory `/h/mvanweli/femalehewmon/tutorials/opencv/LoadModSave/CMakeFiles/CMakeTmp'


Detecting C compiler ABI info compiled with the following output:
Change Dir: /h/mvanweli/femalehewmon/tutorials/opencv/LoadModSave/CMakeFiles/CMakeTmp

Run Build Command:"/usr/bin/gmake" "cmTC_ea3e3/fast"
/usr/bin/gmake -f CMakeFiles/cmTC_ea3e3.dir/build.make CMakeFiles/cmTC_ea3e3.dir/build
gmake[1]: Entering directory `/h/mvanweli/femalehewmon/tutorials/opencv/LoadModSave/CMakeFiles/CMakeTmp'
Building C object CMakeFiles/cmTC_ea3e3.dir/CMakeCCompilerABI.c.o
/usr/sup/bin/cc    -o CMakeFiles/cmTC_ea3e3.dir/CMakeCCompilerABI.c.o   -c /usr/sup/cmake-3.3.1/share/cmake-3.3/Modules/CMakeCCompilerABI.c
Linking C executable cmTC_ea3e3
/usr/sup/cmake-3.3.1/bin/cmake -E cmake_link_script CMakeFiles/cmTC_ea3e3.dir/link.txt --verbose=1
/usr/sup/bin/cc      -v CMakeFiles/cmTC_ea3e3.dir/CMakeCCompilerABI.c.o  -o cmTC_ea3e3 -rdynamic  
Using built-in specs.
COLLECT_GCC=/usr/sup/bin/cc
COLLECT_LTO_WRAPPER=/usr/sup/gcc-4.8.0/libexec/gcc/x86_64-unknown-linux-gnu/4.8.0/lto-wrapper
Target: x86_64-unknown-linux-gnu
Configured with: ./configure --prefix=/usr/sup/gcc-4.8.0
Thread model: posix
gcc version 4.8.0 (GCC) 
COMPILER_PATH=/usr/sup/gcc-4.8.0/libexec/gcc/x86_64-unknown-linux-gnu/4.8.0/:/usr/sup/gcc-4.8.0/libexec/gcc/x86_64-unknown-linux-gnu/4.8.0/:/usr/sup/gcc-4.8.0/libexec/gcc/x86_64-unknown-linux-gnu/:/usr/sup/gcc-4.8.0/lib/gcc/x86_64-unknown-linux-gnu/4.8.0/:/usr/sup/gcc-4.8.0/lib/gcc/x86_64-unknown-linux-gnu/
LIBRARY_PATH=/usr/sup/gcc-4.8.0/lib/gcc/x86_64-unknown-linux-gnu/4.8.0/:/usr/sup/gcc-4.8.0/lib/gcc/x86_64-unknown-linux-gnu/4.8.0/../../../../lib64/:/lib/../lib64/:/usr/lib/../lib64/:/usr/sup/gcc-4.8.0/lib/gcc/x86_64-unknown-linux-gnu/4.8.0/../../../:/lib/:/usr/lib/
COLLECT_GCC_OPTIONS='-v' '-o' 'cmTC_ea3e3' '-rdynamic' '-mtune=generic' '-march=x86-64'
 /usr/sup/gcc-4.8.0/libexec/gcc/x86_64-unknown-linux-gnu/4.8.0/collect2 --eh-frame-hdr -m elf_x86_64 -export-dynamic -dynamic-linker /lib64/ld-linux-x86-64.so.2 -o cmTC_ea3e3 /usr/lib/../lib64/crt1.o /usr/lib/../lib64/crti.o /usr/sup/gcc-4.8.0/lib/gcc/x86_64-unknown-linux-gnu/4.8.0/crtbegin.o -L/usr/sup/gcc-4.8.0/lib/gcc/x86_64-unknown-linux-gnu/4.8.0 -L/usr/sup/gcc-4.8.0/lib/gcc/x86_64-unknown-linux-gnu/4.8.0/../../../../lib64 -L/lib/../lib64 -L/usr/lib/../lib64 -L/usr/sup/gcc-4.8.0/lib/gcc/x86_64-unknown-linux-gnu/4.8.0/../../.. CMakeFiles/cmTC_ea3e3.dir/CMakeCCompilerABI.c.o -lgcc --as-needed -lgcc_s --no-as-needed -lc -lgcc --as-needed -lgcc_s --no-as-needed /usr/sup/gcc-4.8.0/lib/gcc/x86_64-unknown-linux-gnu/4.8.0/crtend.o /usr/lib/../lib64/crtn.o
gmake[1]: Leaving directory `/h/mvanweli/femalehewmon/tutorials/opencv/LoadModSave/CMakeFiles/CMakeTmp'


Parsed C implicit link information from above output:
  link line regex: [^( *|.*[/\])(ld|([^/\]+-)?ld|collect2)[^/\]*( |$)]
  ignore line: [Change Dir: /h/mvanweli/femalehewmon/tutorials/opencv/LoadModSave/CMakeFiles/CMakeTmp]
  ignore line: []
  ignore line: [Run Build Command:"/usr/bin/gmake" "cmTC_ea3e3/fast"]
  ignore line: [/usr/bin/gmake -f CMakeFiles/cmTC_ea3e3.dir/build.make CMakeFiles/cmTC_ea3e3.dir/build]
  ignore line: [gmake[1]: Entering directory `/h/mvanweli/femalehewmon/tutorials/opencv/LoadModSave/CMakeFiles/CMakeTmp']
  ignore line: [Building C object CMakeFiles/cmTC_ea3e3.dir/CMakeCCompilerABI.c.o]
  ignore line: [/usr/sup/bin/cc    -o CMakeFiles/cmTC_ea3e3.dir/CMakeCCompilerABI.c.o   -c /usr/sup/cmake-3.3.1/share/cmake-3.3/Modules/CMakeCCompilerABI.c]
  ignore line: [Linking C executable cmTC_ea3e3]
  ignore line: [/usr/sup/cmake-3.3.1/bin/cmake -E cmake_link_script CMakeFiles/cmTC_ea3e3.dir/link.txt --verbose=1]
  ignore line: [/usr/sup/bin/cc      -v CMakeFiles/cmTC_ea3e3.dir/CMakeCCompilerABI.c.o  -o cmTC_ea3e3 -rdynamic  ]
  ignore line: [Using built-in specs.]
  ignore line: [COLLECT_GCC=/usr/sup/bin/cc]
  ignore line: [COLLECT_LTO_WRAPPER=/usr/sup/gcc-4.8.0/libexec/gcc/x86_64-unknown-linux-gnu/4.8.0/lto-wrapper]
  ignore line: [Target: x86_64-unknown-linux-gnu]
  ignore line: [Configured with: ./configure --prefix=/usr/sup/gcc-4.8.0]
  ignore line: [Thread model: posix]
  ignore line: [gcc version 4.8.0 (GCC) ]
  ignore line: [COMPILER_PATH=/usr/sup/gcc-4.8.0/libexec/gcc/x86_64-unknown-linux-gnu/4.8.0/:/usr/sup/gcc-4.8.0/libexec/gcc/x86_64-unknown-linux-gnu/4.8.0/:/usr/sup/gcc-4.8.0/libexec/gcc/x86_64-unknown-linux-gnu/:/usr/sup/gcc-4.8.0/lib/gcc/x86_64-unknown-linux-gnu/4.8.0/:/usr/sup/gcc-4.8.0/lib/gcc/x86_64-unknown-linux-gnu/]
  ignore line: [LIBRARY_PATH=/usr/sup/gcc-4.8.0/lib/gcc/x86_64-unknown-linux-gnu/4.8.0/:/usr/sup/gcc-4.8.0/lib/gcc/x86_64-unknown-linux-gnu/4.8.0/../../../../lib64/:/lib/../lib64/:/usr/lib/../lib64/:/usr/sup/gcc-4.8.0/lib/gcc/x86_64-unknown-linux-gnu/4.8.0/../../../:/lib/:/usr/lib/]
  ignore line: [COLLECT_GCC_OPTIONS='-v' '-o' 'cmTC_ea3e3' '-rdynamic' '-mtune=generic' '-march=x86-64']
  link line: [ /usr/sup/gcc-4.8.0/libexec/gcc/x86_64-unknown-linux-gnu/4.8.0/collect2 --eh-frame-hdr -m elf_x86_64 -export-dynamic -dynamic-linker /lib64/ld-linux-x86-64.so.2 -o cmTC_ea3e3 /usr/lib/../lib64/crt1.o /usr/lib/../lib64/crti.o /usr/sup/gcc-4.8.0/lib/gcc/x86_64-unknown-linux-gnu/4.8.0/crtbegin.o -L/usr/sup/gcc-4.8.0/lib/gcc/x86_64-unknown-linux-gnu/4.8.0 -L/usr/sup/gcc-4.8.0/lib/gcc/x86_64-unknown-linux-gnu/4.8.0/../../../../lib64 -L/lib/../lib64 -L/usr/lib/../lib64 -L/usr/sup/gcc-4.8.0/lib/gcc/x86_64-unknown-linux-gnu/4.8.0/../../.. CMakeFiles/cmTC_ea3e3.dir/CMakeCCompilerABI.c.o -lgcc --as-needed -lgcc_s --no-as-needed -lc -lgcc --as-needed -lgcc_s --no-as-needed /usr/sup/gcc-4.8.0/lib/gcc/x86_64-unknown-linux-gnu/4.8.0/crtend.o /usr/lib/../lib64/crtn.o]
    arg [/usr/sup/gcc-4.8.0/libexec/gcc/x86_64-unknown-linux-gnu/4.8.0/collect2] ==> ignore
    arg [--eh-frame-hdr] ==> ignore
    arg [-m] ==> ignore
    arg [elf_x86_64] ==> ignore
    arg [-export-dynamic] ==> ignore
    arg [-dynamic-linker] ==> ignore
    arg [/lib64/ld-linux-x86-64.so.2] ==> ignore
    arg [-o] ==> ignore
    arg [cmTC_ea3e3] ==> ignore
    arg [/usr/lib/../lib64/crt1.o] ==> ignore
    arg [/usr/lib/../lib64/crti.o] ==> ignore
    arg [/usr/sup/gcc-4.8.0/lib/gcc/x86_64-unknown-linux-gnu/4.8.0/crtbegin.o] ==> ignore
    arg [-L/usr/sup/gcc-4.8.0/lib/gcc/x86_64-unknown-linux-gnu/4.8.0] ==> dir [/usr/sup/gcc-4.8.0/lib/gcc/x86_64-unknown-linux-gnu/4.8.0]
    arg [-L/usr/sup/gcc-4.8.0/lib/gcc/x86_64-unknown-linux-gnu/4.8.0/../../../../lib64] ==> dir [/usr/sup/gcc-4.8.0/lib/gcc/x86_64-unknown-linux-gnu/4.8.0/../../../../lib64]
    arg [-L/lib/../lib64] ==> dir [/lib/../lib64]
    arg [-L/usr/lib/../lib64] ==> dir [/usr/lib/../lib64]
    arg [-L/usr/sup/gcc-4.8.0/lib/gcc/x86_64-unknown-linux-gnu/4.8.0/../../..] ==> dir [/usr/sup/gcc-4.8.0/lib/gcc/x86_64-unknown-linux-gnu/4.8.0/../../..]
    arg [CMakeFiles/cmTC_ea3e3.dir/CMakeCCompilerABI.c.o] ==> ignore
    arg [-lgcc] ==> lib [gcc]
    arg [--as-needed] ==> ignore
    arg [-lgcc_s] ==> lib [gcc_s]
    arg [--no-as-needed] ==> ignore
    arg [-lc] ==> lib [c]
    arg [-lgcc] ==> lib [gcc]
    arg [--as-needed] ==> ignore
    arg [-lgcc_s] ==> lib [gcc_s]
    arg [--no-as-needed] ==> ignore
    arg [/usr/sup/gcc-4.8.0/lib/gcc/x86_64-unknown-linux-gnu/4.8.0/crtend.o] ==> ignore
    arg [/usr/lib/../lib64/crtn.o] ==> ignore
  remove lib [gcc]
  remove lib [gcc_s]
  remove lib [gcc]
  remove lib [gcc_s]
  collapse library dir [/usr/sup/gcc-4.8.0/lib/gcc/x86_64-unknown-linux-gnu/4.8.0] ==> [/usr/sup/gcc-4.8.0/lib/gcc/x86_64-unknown-linux-gnu/4.8.0]
  collapse library dir [/usr/sup/gcc-4.8.0/lib/gcc/x86_64-unknown-linux-gnu/4.8.0/../../../../lib64] ==> [/usr/sup/gcc-4.8.0/lib64]
  collapse library dir [/lib/../lib64] ==> [/lib64]
  collapse library dir [/usr/lib/../lib64] ==> [/usr/lib64]
  collapse library dir [/usr/sup/gcc-4.8.0/lib/gcc/x86_64-unknown-linux-gnu/4.8.0/../../..] ==> [/usr/sup/gcc-4.8.0/lib]
  implicit libs: [c]
  implicit dirs: [/usr/sup/gcc-4.8.0/lib/gcc/x86_64-unknown-linux-gnu/4.8.0;/usr/sup/gcc-4.8.0/lib64;/lib64;/usr/lib64;/usr/sup/gcc-4.8.0/lib]
  implicit fwks: []




Detecting C [-std=c11] compiler features compiled with the following output:
Change Dir: /h/mvanweli/femalehewmon/tutorials/opencv/LoadModSave/CMakeFiles/CMakeTmp

Run Build Command:"/usr/bin/gmake" "cmTC_5a995/fast"
/usr/bin/gmake -f CMakeFiles/cmTC_5a995.dir/build.make CMakeFiles/cmTC_5a995.dir/build
gmake[1]: Entering directory `/h/mvanweli/femalehewmon/tutorials/opencv/LoadModSave/CMakeFiles/CMakeTmp'
Building C object CMakeFiles/cmTC_5a995.dir/feature_tests.c.o
/usr/sup/bin/cc   -std=c11 -o CMakeFiles/cmTC_5a995.dir/feature_tests.c.o   -c /h/mvanweli/femalehewmon/tutorials/opencv/LoadModSave/CMakeFiles/feature_tests.c
Linking C executable cmTC_5a995
/usr/sup/cmake-3.3.1/bin/cmake -E cmake_link_script CMakeFiles/cmTC_5a995.dir/link.txt --verbose=1
/usr/sup/bin/cc       CMakeFiles/cmTC_5a995.dir/feature_tests.c.o  -o cmTC_5a995 -rdynamic 
gmake[1]: Leaving directory `/h/mvanweli/femalehewmon/tutorials/opencv/LoadModSave/CMakeFiles/CMakeTmp'


    Feature record: C_FEATURE:1c_function_prototypes
    Feature record: C_FEATURE:1c_restrict
    Feature record: C_FEATURE:1c_static_assert
    Feature record: C_FEATURE:1c_variadic_macros


Detecting C [-std=c99] compiler features compiled with the following output:
Change Dir: /h/mvanweli/femalehewmon/tutorials/opencv/LoadModSave/CMakeFiles/CMakeTmp

Run Build Command:"/usr/bin/gmake" "cmTC_798dc/fast"
/usr/bin/gmake -f CMakeFiles/cmTC_798dc.dir/build.make CMakeFiles/cmTC_798dc.dir/build
gmake[1]: Entering directory `/h/mvanweli/femalehewmon/tutorials/opencv/LoadModSave/CMakeFiles/CMakeTmp'
Building C object CMakeFiles/cmTC_798dc.dir/feature_tests.c.o
/usr/sup/bin/cc   -std=c99 -o CMakeFiles/cmTC_798dc.dir/feature_tests.c.o   -c /h/mvanweli/femalehewmon/tutorials/opencv/LoadModSave/CMakeFiles/feature_tests.c
Linking C executable cmTC_798dc
/usr/sup/cmake-3.3.1/bin/cmake -E cmake_link_script CMakeFiles/cmTC_798dc.dir/link.txt --verbose=1
/usr/sup/bin/cc       CMakeFiles/cmTC_798dc.dir/feature_tests.c.o  -o cmTC_798dc -rdynamic 
gmake[1]: Leaving directory `/h/mvanweli/femalehewmon/tutorials/opencv/LoadModSave/CMakeFiles/CMakeTmp'


    Feature record: C_FEATURE:1c_function_prototypes
    Feature record: C_FEATURE:1c_restrict
    Feature record: C_FEATURE:0c_static_assert
    Feature record: C_FEATURE:1c_variadic_macros


Detecting C [-std=c90] compiler features compiled with the following output:
Change Dir: /h/mvanweli/femalehewmon/tutorials/opencv/LoadModSave/CMakeFiles/CMakeTmp

Run Build Command:"/usr/bin/gmake" "cmTC_f1543/fast"
/usr/bin/gmake -f CMakeFiles/cmTC_f1543.dir/build.make CMakeFiles/cmTC_f1543.dir/build
gmake[1]: Entering directory `/h/mvanweli/femalehewmon/tutorials/opencv/LoadModSave/CMakeFiles/CMakeTmp'
Building C object CMakeFiles/cmTC_f1543.dir/feature_tests.c.o
/usr/sup/bin/cc   -std=c90 -o CMakeFiles/cmTC_f1543.dir/feature_tests.c.o   -c /h/mvanweli/femalehewmon/tutorials/opencv/LoadModSave/CMakeFiles/feature_tests.c
Linking C executable cmTC_f1543
/usr/sup/cmake-3.3.1/bin/cmake -E cmake_link_script CMakeFiles/cmTC_f1543.dir/link.txt --verbose=1
/usr/sup/bin/cc       CMakeFiles/cmTC_f1543.dir/feature_tests.c.o  -o cmTC_f1543 -rdynamic 
gmake[1]: Leaving directory `/h/mvanweli/femalehewmon/tutorials/opencv/LoadModSave/CMakeFiles/CMakeTmp'


    Feature record: C_FEATURE:1c_function_prototypes
    Feature record: C_FEATURE:0c_restrict
    Feature record: C_FEATURE:0c_static_assert
    Feature record: C_FEATURE:0c_variadic_macros
Determining if the CXX compiler works passed with the following output:
Change Dir: /h/mvanweli/femalehewmon/tutorials/opencv/LoadModSave/CMakeFiles/CMakeTmp

Run Build Command:"/usr/bin/gmake" "cmTC_3de24/fast"
/usr/bin/gmake -f CMakeFiles/cmTC_3de24.dir/build.make CMakeFiles/cmTC_3de24.dir/build
gmake[1]: Entering directory `/h/mvanweli/femalehewmon/tutorials/opencv/LoadModSave/CMakeFiles/CMakeTmp'
Building CXX object CMakeFiles/cmTC_3de24.dir/testCXXCompiler.cxx.o
/usr/sup/bin/c++     -o CMakeFiles/cmTC_3de24.dir/testCXXCompiler.cxx.o -c /h/mvanweli/femalehewmon/tutorials/opencv/LoadModSave/CMakeFiles/CMakeTmp/testCXXCompiler.cxx
Linking CXX executable cmTC_3de24
/usr/sup/cmake-3.3.1/bin/cmake -E cmake_link_script CMakeFiles/cmTC_3de24.dir/link.txt --verbose=1
/usr/sup/bin/c++        CMakeFiles/cmTC_3de24.dir/testCXXCompiler.cxx.o  -o cmTC_3de24 -rdynamic 
gmake[1]: Leaving directory `/h/mvanweli/femalehewmon/tutorials/opencv/LoadModSave/CMakeFiles/CMakeTmp'


Detecting CXX compiler ABI info compiled with the following output:
Change Dir: /h/mvanweli/femalehewmon/tutorials/opencv/LoadModSave/CMakeFiles/CMakeTmp

Run Build Command:"/usr/bin/gmake" "cmTC_38956/fast"
/usr/bin/gmake -f CMakeFiles/cmTC_38956.dir/build.make CMakeFiles/cmTC_38956.dir/build
gmake[1]: Entering directory `/h/mvanweli/femalehewmon/tutorials/opencv/LoadModSave/CMakeFiles/CMakeTmp'
Building CXX object CMakeFiles/cmTC_38956.dir/CMakeCXXCompilerABI.cpp.o
/usr/sup/bin/c++     -o CMakeFiles/cmTC_38956.dir/CMakeCXXCompilerABI.cpp.o -c /usr/sup/cmake-3.3.1/share/cmake-3.3/Modules/CMakeCXXCompilerABI.cpp
Linking CXX executable cmTC_38956
/usr/sup/cmake-3.3.1/bin/cmake -E cmake_link_script CMakeFiles/cmTC_38956.dir/link.txt --verbose=1
/usr/sup/bin/c++       -v CMakeFiles/cmTC_38956.dir/CMakeCXXCompilerABI.cpp.o  -o cmTC_38956 -rdynamic  
Using built-in specs.
COLLECT_GCC=/usr/sup/bin/c++
COLLECT_LTO_WRAPPER=/usr/sup/gcc-4.8.0/libexec/gcc/x86_64-unknown-linux-gnu/4.8.0/lto-wrapper
Target: x86_64-unknown-linux-gnu
Configured with: ./configure --prefix=/usr/sup/gcc-4.8.0
Thread model: posix
gcc version 4.8.0 (GCC) 
COMPILER_PATH=/usr/sup/gcc-4.8.0/libexec/gcc/x86_64-unknown-linux-gnu/4.8.0/:/usr/sup/gcc-4.8.0/libexec/gcc/x86_64-unknown-linux-gnu/4.8.0/:/usr/sup/gcc-4.8.0/libexec/gcc/x86_64-unknown-linux-gnu/:/usr/sup/gcc-4.8.0/lib/gcc/x86_64-unknown-linux-gnu/4.8.0/:/usr/sup/gcc-4.8.0/lib/gcc/x86_64-unknown-linux-gnu/
LIBRARY_PATH=/usr/sup/gcc-4.8.0/lib/gcc/x86_64-unknown-linux-gnu/4.8.0/:/usr/sup/gcc-4.8.0/lib/gcc/x86_64-unknown-linux-gnu/4.8.0/../../../../lib64/:/lib/../lib64/:/usr/lib/../lib64/:/usr/sup/gcc-4.8.0/lib/gcc/x86_64-unknown-linux-gnu/4.8.0/../../../:/lib/:/usr/lib/
COLLECT_GCC_OPTIONS='-v' '-o' 'cmTC_38956' '-rdynamic' '-shared-libgcc' '-mtune=generic' '-march=x86-64'
 /usr/sup/gcc-4.8.0/libexec/gcc/x86_64-unknown-linux-gnu/4.8.0/collect2 --eh-frame-hdr -m elf_x86_64 -export-dynamic -dynamic-linker /lib64/ld-linux-x86-64.so.2 -o cmTC_38956 /usr/lib/../lib64/crt1.o /usr/lib/../lib64/crti.o /usr/sup/gcc-4.8.0/lib/gcc/x86_64-unknown-linux-gnu/4.8.0/crtbegin.o -L/usr/sup/gcc-4.8.0/lib/gcc/x86_64-unknown-linux-gnu/4.8.0 -L/usr/sup/gcc-4.8.0/lib/gcc/x86_64-unknown-linux-gnu/4.8.0/../../../../lib64 -L/lib/../lib64 -L/usr/lib/../lib64 -L/usr/sup/gcc-4.8.0/lib/gcc/x86_64-unknown-linux-gnu/4.8.0/../../.. CMakeFiles/cmTC_38956.dir/CMakeCXXCompilerABI.cpp.o -lstdc++ -lm -lgcc_s -lgcc -lc -lgcc_s -lgcc /usr/sup/gcc-4.8.0/lib/gcc/x86_64-unknown-linux-gnu/4.8.0/crtend.o /usr/lib/../lib64/crtn.o
gmake[1]: Leaving directory `/h/mvanweli/femalehewmon/tutorials/opencv/LoadModSave/CMakeFiles/CMakeTmp'


Parsed CXX implicit link information from above output:
  link line regex: [^( *|.*[/\])(ld|([^/\]+-)?ld|collect2)[^/\]*( |$)]
  ignore line: [Change Dir: /h/mvanweli/femalehewmon/tutorials/opencv/LoadModSave/CMakeFiles/CMakeTmp]
  ignore line: []
  ignore line: [Run Build Command:"/usr/bin/gmake" "cmTC_38956/fast"]
  ignore line: [/usr/bin/gmake -f CMakeFiles/cmTC_38956.dir/build.make CMakeFiles/cmTC_38956.dir/build]
  ignore line: [gmake[1]: Entering directory `/h/mvanweli/femalehewmon/tutorials/opencv/LoadModSave/CMakeFiles/CMakeTmp']
  ignore line: [Building CXX object CMakeFiles/cmTC_38956.dir/CMakeCXXCompilerABI.cpp.o]
  ignore line: [/usr/sup/bin/c++     -o CMakeFiles/cmTC_38956.dir/CMakeCXXCompilerABI.cpp.o -c /usr/sup/cmake-3.3.1/share/cmake-3.3/Modules/CMakeCXXCompilerABI.cpp]
  ignore line: [Linking CXX executable cmTC_38956]
  ignore line: [/usr/sup/cmake-3.3.1/bin/cmake -E cmake_link_script CMakeFiles/cmTC_38956.dir/link.txt --verbose=1]
  ignore line: [/usr/sup/bin/c++       -v CMakeFiles/cmTC_38956.dir/CMakeCXXCompilerABI.cpp.o  -o cmTC_38956 -rdynamic  ]
  ignore line: [Using built-in specs.]
  ignore line: [COLLECT_GCC=/usr/sup/bin/c++]
  ignore line: [COLLECT_LTO_WRAPPER=/usr/sup/gcc-4.8.0/libexec/gcc/x86_64-unknown-linux-gnu/4.8.0/lto-wrapper]
  ignore line: [Target: x86_64-unknown-linux-gnu]
  ignore line: [Configured with: ./configure --prefix=/usr/sup/gcc-4.8.0]
  ignore line: [Thread model: posix]
  ignore line: [gcc version 4.8.0 (GCC) ]
  ignore line: [COMPILER_PATH=/usr/sup/gcc-4.8.0/libexec/gcc/x86_64-unknown-linux-gnu/4.8.0/:/usr/sup/gcc-4.8.0/libexec/gcc/x86_64-unknown-linux-gnu/4.8.0/:/usr/sup/gcc-4.8.0/libexec/gcc/x86_64-unknown-linux-gnu/:/usr/sup/gcc-4.8.0/lib/gcc/x86_64-unknown-linux-gnu/4.8.0/:/usr/sup/gcc-4.8.0/lib/gcc/x86_64-unknown-linux-gnu/]
  ignore line: [LIBRARY_PATH=/usr/sup/gcc-4.8.0/lib/gcc/x86_64-unknown-linux-gnu/4.8.0/:/usr/sup/gcc-4.8.0/lib/gcc/x86_64-unknown-linux-gnu/4.8.0/../../../../lib64/:/lib/../lib64/:/usr/lib/../lib64/:/usr/sup/gcc-4.8.0/lib/gcc/x86_64-unknown-linux-gnu/4.8.0/../../../:/lib/:/usr/lib/]
  ignore line: [COLLECT_GCC_OPTIONS='-v' '-o' 'cmTC_38956' '-rdynamic' '-shared-libgcc' '-mtune=generic' '-march=x86-64']
  link line: [ /usr/sup/gcc-4.8.0/libexec/gcc/x86_64-unknown-linux-gnu/4.8.0/collect2 --eh-frame-hdr -m elf_x86_64 -export-dynamic -dynamic-linker /lib64/ld-linux-x86-64.so.2 -o cmTC_38956 /usr/lib/../lib64/crt1.o /usr/lib/../lib64/crti.o /usr/sup/gcc-4.8.0/lib/gcc/x86_64-unknown-linux-gnu/4.8.0/crtbegin.o -L/usr/sup/gcc-4.8.0/lib/gcc/x86_64-unknown-linux-gnu/4.8.0 -L/usr/sup/gcc-4.8.0/lib/gcc/x86_64-unknown-linux-gnu/4.8.0/../../../../lib64 -L/lib/../lib64 -L/usr/lib/../lib64 -L/usr/sup/gcc-4.8.0/lib/gcc/x86_64-unknown-linux-gnu/4.8.0/../../.. CMakeFiles/cmTC_38956.dir/CMakeCXXCompilerABI.cpp.o -lstdc++ -lm -lgcc_s -lgcc -lc -lgcc_s -lgcc /usr/sup/gcc-4.8.0/lib/gcc/x86_64-unknown-linux-gnu/4.8.0/crtend.o /usr/lib/../lib64/crtn.o]
    arg [/usr/sup/gcc-4.8.0/libexec/gcc/x86_64-unknown-linux-gnu/4.8.0/collect2] ==> ignore
    arg [--eh-frame-hdr] ==> ignore
    arg [-m] ==> ignore
    arg [elf_x86_64] ==> ignore
    arg [-export-dynamic] ==> ignore
    arg [-dynamic-linker] ==> ignore
    arg [/lib64/ld-linux-x86-64.so.2] ==> ignore
    arg [-o] ==> ignore
    arg [cmTC_38956] ==> ignore
    arg [/usr/lib/../lib64/crt1.o] ==> ignore
    arg [/usr/lib/../lib64/crti.o] ==> ignore
    arg [/usr/sup/gcc-4.8.0/lib/gcc/x86_64-unknown-linux-gnu/4.8.0/crtbegin.o] ==> ignore
    arg [-L/usr/sup/gcc-4.8.0/lib/gcc/x86_64-unknown-linux-gnu/4.8.0] ==> dir [/usr/sup/gcc-4.8.0/lib/gcc/x86_64-unknown-linux-gnu/4.8.0]
    arg [-L/usr/sup/gcc-4.8.0/lib/gcc/x86_64-unknown-linux-gnu/4.8.0/../../../../lib64] ==> dir [/usr/sup/gcc-4.8.0/lib/gcc/x86_64-unknown-linux-gnu/4.8.0/../../../../lib64]
    arg [-L/lib/../lib64] ==> dir [/lib/../lib64]
    arg [-L/usr/lib/../lib64] ==> dir [/usr/lib/../lib64]
    arg [-L/usr/sup/gcc-4.8.0/lib/gcc/x86_64-unknown-linux-gnu/4.8.0/../../..] ==> dir [/usr/sup/gcc-4.8.0/lib/gcc/x86_64-unknown-linux-gnu/4.8.0/../../..]
    arg [CMakeFiles/cmTC_38956.dir/CMakeCXXCompilerABI.cpp.o] ==> ignore
    arg [-lstdc++] ==> lib [stdc++]
    arg [-lm] ==> lib [m]
    arg [-lgcc_s] ==> lib [gcc_s]
    arg [-lgcc] ==> lib [gcc]
    arg [-lc] ==> lib [c]
    arg [-lgcc_s] ==> lib [gcc_s]
    arg [-lgcc] ==> lib [gcc]
    arg [/usr/sup/gcc-4.8.0/lib/gcc/x86_64-unknown-linux-gnu/4.8.0/crtend.o] ==> ignore
    arg [/usr/lib/../lib64/crtn.o] ==> ignore
  remove lib [gcc_s]
  remove lib [gcc]
  remove lib [gcc_s]
  remove lib [gcc]
  collapse library dir [/usr/sup/gcc-4.8.0/lib/gcc/x86_64-unknown-linux-gnu/4.8.0] ==> [/usr/sup/gcc-4.8.0/lib/gcc/x86_64-unknown-linux-gnu/4.8.0]
  collapse library dir [/usr/sup/gcc-4.8.0/lib/gcc/x86_64-unknown-linux-gnu/4.8.0/../../../../lib64] ==> [/usr/sup/gcc-4.8.0/lib64]
  collapse library dir [/lib/../lib64] ==> [/lib64]
  collapse library dir [/usr/lib/../lib64] ==> [/usr/lib64]
  collapse library dir [/usr/sup/gcc-4.8.0/lib/gcc/x86_64-unknown-linux-gnu/4.8.0/../../..] ==> [/usr/sup/gcc-4.8.0/lib]
  implicit libs: [stdc++;m;c]
  implicit dirs: [/usr/sup/gcc-4.8.0/lib/gcc/x86_64-unknown-linux-gnu/4.8.0;/usr/sup/gcc-4.8.0/lib64;/lib64;/usr/lib64;/usr/sup/gcc-4.8.0/lib]
  implicit fwks: []




Detecting CXX [-std=c++1y] compiler features compiled with the following output:
Change Dir: /h/mvanweli/femalehewmon/tutorials/opencv/LoadModSave/CMakeFiles/CMakeTmp

Run Build Command:"/usr/bin/gmake" "cmTC_5e9f3/fast"
/usr/bin/gmake -f CMakeFiles/cmTC_5e9f3.dir/build.make CMakeFiles/cmTC_5e9f3.dir/build
gmake[1]: Entering directory `/h/mvanweli/femalehewmon/tutorials/opencv/LoadModSave/CMakeFiles/CMakeTmp'
Building CXX object CMakeFiles/cmTC_5e9f3.dir/feature_tests.cxx.o
/usr/sup/bin/c++    -std=c++1y -o CMakeFiles/cmTC_5e9f3.dir/feature_tests.cxx.o -c /h/mvanweli/femalehewmon/tutorials/opencv/LoadModSave/CMakeFiles/feature_tests.cxx
Linking CXX executable cmTC_5e9f3
/usr/sup/cmake-3.3.1/bin/cmake -E cmake_link_script CMakeFiles/cmTC_5e9f3.dir/link.txt --verbose=1
/usr/sup/bin/c++        CMakeFiles/cmTC_5e9f3.dir/feature_tests.cxx.o  -o cmTC_5e9f3 -rdynamic 
gmake[1]: Leaving directory `/h/mvanweli/femalehewmon/tutorials/opencv/LoadModSave/CMakeFiles/CMakeTmp'


    Feature record: CXX_FEATURE:0cxx_aggregate_default_initializers
    Feature record: CXX_FEATURE:1cxx_alias_templates
    Feature record: CXX_FEATURE:1cxx_alignas
    Feature record: CXX_FEATURE:1cxx_alignof
    Feature record: CXX_FEATURE:1cxx_attributes
    Feature record: CXX_FEATURE:0cxx_attribute_deprecated
    Feature record: CXX_FEATURE:1cxx_auto_type
    Feature record: CXX_FEATURE:0cxx_binary_literals
    Feature record: CXX_FEATURE:1cxx_constexpr
    Feature record: CXX_FEATURE:0cxx_contextual_conversions
    Feature record: CXX_FEATURE:1cxx_decltype
    Feature record: CXX_FEATURE:0cxx_decltype_auto
    Feature record: CXX_FEATURE:0cxx_decltype_incomplete_return_types
    Feature record: CXX_FEATURE:1cxx_default_function_template_args
    Feature record: CXX_FEATURE:1cxx_defaulted_functions
    Feature record: CXX_FEATURE:1cxx_defaulted_move_initializers
    Feature record: CXX_FEATURE:1cxx_delegating_constructors
    Feature record: CXX_FEATURE:1cxx_deleted_functions
    Feature record: CXX_FEATURE:0cxx_digit_separators
    Feature record: CXX_FEATURE:1cxx_enum_forward_declarations
    Feature record: CXX_FEATURE:1cxx_explicit_conversions
    Feature record: CXX_FEATURE:1cxx_extended_friend_declarations
    Feature record: CXX_FEATURE:1cxx_extern_templates
    Feature record: CXX_FEATURE:1cxx_final
    Feature record: CXX_FEATURE:1cxx_func_identifier
    Feature record: CXX_FEATURE:1cxx_generalized_initializers
    Feature record: CXX_FEATURE:0cxx_generic_lambdas
    Feature record: CXX_FEATURE:1cxx_inheriting_constructors
    Feature record: CXX_FEATURE:1cxx_inline_namespaces
    Feature record: CXX_FEATURE:1cxx_lambdas
    Feature record: CXX_FEATURE:0cxx_lambda_init_captures
    Feature record: CXX_FEATURE:1cxx_local_type_template_args
    Feature record: CXX_FEATURE:1cxx_long_long_type
    Feature record: CXX_FEATURE:1cxx_noexcept
    Feature record: CXX_FEATURE:1cxx_nonstatic_member_init
    Feature record: CXX_FEATURE:1cxx_nullptr
    Feature record: CXX_FEATURE:1cxx_override
    Feature record: CXX_FEATURE:1cxx_range_for
    Feature record: CXX_FEATURE:1cxx_raw_string_literals
    Feature record: CXX_FEATURE:0cxx_reference_qualified_functions
    Feature record: CXX_FEATURE:0cxx_relaxed_constexpr
    Feature record: CXX_FEATURE:0cxx_return_type_deduction
    Feature record: CXX_FEATURE:1cxx_right_angle_brackets
    Feature record: CXX_FEATURE:1cxx_rvalue_references
    Feature record: CXX_FEATURE:1cxx_sizeof_member
    Feature record: CXX_FEATURE:1cxx_static_assert
    Feature record: CXX_FEATURE:1cxx_strong_enums
    Feature record: CXX_FEATURE:1cxx_template_template_parameters
    Feature record: CXX_FEATURE:1cxx_thread_local
    Feature record: CXX_FEATURE:1cxx_trailing_return_types
    Feature record: CXX_FEATURE:1cxx_unicode_literals
    Feature record: CXX_FEATURE:1cxx_uniform_initialization
    Feature record: CXX_FEATURE:1cxx_unrestricted_unions
    Feature record: CXX_FEATURE:1cxx_user_literals
    Feature record: CXX_FEATURE:0cxx_variable_templates
    Feature record: CXX_FEATURE:1cxx_variadic_macros
    Feature record: CXX_FEATURE:1cxx_variadic_templates


Detecting CXX [-std=c++11] compiler features compiled with the following output:
Change Dir: /h/mvanweli/femalehewmon/tutorials/opencv/LoadModSave/CMakeFiles/CMakeTmp

Run Build Command:"/usr/bin/gmake" "cmTC_887c7/fast"
/usr/bin/gmake -f CMakeFiles/cmTC_887c7.dir/build.make CMakeFiles/cmTC_887c7.dir/build
gmake[1]: Entering directory `/h/mvanweli/femalehewmon/tutorials/opencv/LoadModSave/CMakeFiles/CMakeTmp'
Building CXX object CMakeFiles/cmTC_887c7.dir/feature_tests.cxx.o
/usr/sup/bin/c++    -std=c++11 -o CMakeFiles/cmTC_887c7.dir/feature_tests.cxx.o -c /h/mvanweli/femalehewmon/tutorials/opencv/LoadModSave/CMakeFiles/feature_tests.cxx
Linking CXX executable cmTC_887c7
/usr/sup/cmake-3.3.1/bin/cmake -E cmake_link_script CMakeFiles/cmTC_887c7.dir/link.txt --verbose=1
/usr/sup/bin/c++        CMakeFiles/cmTC_887c7.dir/feature_tests.cxx.o  -o cmTC_887c7 -rdynamic 
gmake[1]: Leaving directory `/h/mvanweli/femalehewmon/tutorials/opencv/LoadModSave/CMakeFiles/CMakeTmp'


    Feature record: CXX_FEATURE:0cxx_aggregate_default_initializers
    Feature record: CXX_FEATURE:1cxx_alias_templates
    Feature record: CXX_FEATURE:1cxx_alignas
    Feature record: CXX_FEATURE:1cxx_alignof
    Feature record: CXX_FEATURE:1cxx_attributes
    Feature record: CXX_FEATURE:0cxx_attribute_deprecated
    Feature record: CXX_FEATURE:1cxx_auto_type
    Feature record: CXX_FEATURE:0cxx_binary_literals
    Feature record: CXX_FEATURE:1cxx_constexpr
    Feature record: CXX_FEATURE:0cxx_contextual_conversions
    Feature record: CXX_FEATURE:1cxx_decltype
    Feature record: CXX_FEATURE:0cxx_decltype_auto
    Feature record: CXX_FEATURE:0cxx_decltype_incomplete_return_types
    Feature record: CXX_FEATURE:1cxx_default_function_template_args
    Feature record: CXX_FEATURE:1cxx_defaulted_functions
    Feature record: CXX_FEATURE:1cxx_defaulted_move_initializers
    Feature record: CXX_FEATURE:1cxx_delegating_constructors
    Feature record: CXX_FEATURE:1cxx_deleted_functions
    Feature record: CXX_FEATURE:0cxx_digit_separators
    Feature record: CXX_FEATURE:1cxx_enum_forward_declarations
    Feature record: CXX_FEATURE:1cxx_explicit_conversions
    Feature record: CXX_FEATURE:1cxx_extended_friend_declarations
    Feature record: CXX_FEATURE:1cxx_extern_templates
    Feature record: CXX_FEATURE:1cxx_final
    Feature record: CXX_FEATURE:1cxx_func_identifier
    Feature record: CXX_FEATURE:1cxx_generalized_initializers
    Feature record: CXX_FEATURE:0cxx_generic_lambdas
    Feature record: CXX_FEATURE:1cxx_inheriting_constructors
    Feature record: CXX_FEATURE:1cxx_inline_namespaces
    Feature record: CXX_FEATURE:1cxx_lambdas
    Feature record: CXX_FEATURE:0cxx_lambda_init_captures
    Feature record: CXX_FEATURE:1cxx_local_type_template_args
    Feature record: CXX_FEATURE:1cxx_long_long_type
    Feature record: CXX_FEATURE:1cxx_noexcept
    Feature record: CXX_FEATURE:1cxx_nonstatic_member_init
    Feature record: CXX_FEATURE:1cxx_nullptr
    Feature record: CXX_FEATURE:1cxx_override
    Feature record: CXX_FEATURE:1cxx_range_for
    Feature record: CXX_FEATURE:1cxx_raw_string_literals
    Feature record: CXX_FEATURE:0cxx_reference_qualified_functions
    Feature record: CXX_FEATURE:0cxx_relaxed_constexpr
    Feature record: CXX_FEATURE:0cxx_return_type_deduction
    Feature record: CXX_FEATURE:1cxx_right_angle_brackets
    Feature record: CXX_FEATURE:1cxx_rvalue_references
    Feature record: CXX_FEATURE:1cxx_sizeof_member
    Feature record: CXX_FEATURE:1cxx_static_assert
    Feature record: CXX_FEATURE:1cxx_strong_enums
    Feature record: CXX_FEATURE:1cxx_template_template_parameters
    Feature record: CXX_FEATURE:1cxx_thread_local
    Feature record: CXX_FEATURE:1cxx_trailing_return_types
    Feature record: CXX_FEATURE:1cxx_unicode_literals
    Feature record: CXX_FEATURE:1cxx_uniform_initialization
    Feature record: CXX_FEATURE:1cxx_unrestricted_unions
    Feature record: CXX_FEATURE:1cxx_user_literals
    Feature record: CXX_FEATURE:0cxx_variable_templates
    Feature record: CXX_FEATURE:1cxx_variadic_macros
    Feature record: CXX_FEATURE:1cxx_variadic_templates


Detecting CXX [-std=c++98] compiler features compiled with the following output:
Change Dir: /h/mvanweli/femalehewmon/tutorials/opencv/LoadModSave/CMakeFiles/CMakeTmp

Run Build Command:"/usr/bin/gmake" "cmTC_85654/fast"
/usr/bin/gmake -f CMakeFiles/cmTC_85654.dir/build.make CMakeFiles/cmTC_85654.dir/build
gmake[1]: Entering directory `/h/mvanweli/femalehewmon/tutorials/opencv/LoadModSave/CMakeFiles/CMakeTmp'
Building CXX object CMakeFiles/cmTC_85654.dir/feature_tests.cxx.o
/usr/sup/bin/c++    -std=c++98 -o CMakeFiles/cmTC_85654.dir/feature_tests.cxx.o -c /h/mvanweli/femalehewmon/tutorials/opencv/LoadModSave/CMakeFiles/feature_tests.cxx
Linking CXX executable cmTC_85654
/usr/sup/cmake-3.3.1/bin/cmake -E cmake_link_script CMakeFiles/cmTC_85654.dir/link.txt --verbose=1
/usr/sup/bin/c++        CMakeFiles/cmTC_85654.dir/feature_tests.cxx.o  -o cmTC_85654 -rdynamic 
gmake[1]: Leaving directory `/h/mvanweli/femalehewmon/tutorials/opencv/LoadModSave/CMakeFiles/CMakeTmp'


    Feature record: CXX_FEATURE:0cxx_aggregate_default_initializers
    Feature record: CXX_FEATURE:0cxx_alias_templates
    Feature record: CXX_FEATURE:0cxx_alignas
    Feature record: CXX_FEATURE:0cxx_alignof
    Feature record: CXX_FEATURE:0cxx_attributes
    Feature record: CXX_FEATURE:0cxx_attribute_deprecated
    Feature record: CXX_FEATURE:0cxx_auto_type
    Feature record: CXX_FEATURE:0cxx_binary_literals
    Feature record: CXX_FEATURE:0cxx_constexpr
    Feature record: CXX_FEATURE:0cxx_contextual_conversions
    Feature record: CXX_FEATURE:0cxx_decltype
    Feature record: CXX_FEATURE:0cxx_decltype_auto
    Feature record: CXX_FEATURE:0cxx_decltype_incomplete_return_types
    Feature record: CXX_FEATURE:0cxx_default_function_template_args
    Feature record: CXX_FEATURE:0cxx_defaulted_functions
    Feature record: CXX_FEATURE:0cxx_defaulted_move_initializers
    Feature record: CXX_FEATURE:0cxx_delegating_constructors
    Feature record: CXX_FEATURE:0cxx_deleted_functions
    Feature record: CXX_FEATURE:0cxx_digit_separators
    Feature record: CXX_FEATURE:0cxx_enum_forward_declarations
    Feature record: CXX_FEATURE:0cxx_explicit_conversions
    Feature record: CXX_FEATURE:0cxx_extended_friend_declarations
    Feature record: CXX_FEATURE:0cxx_extern_templates
    Feature record: CXX_FEATURE:0cxx_final
    Feature record: CXX_FEATURE:0cxx_func_identifier
    Feature record: CXX_FEATURE:0cxx_generalized_initializers
    Feature record: CXX_FEATURE:0cxx_generic_lambdas
    Feature record: CXX_FEATURE:0cxx_inheriting_constructors
    Feature record: CXX_FEATURE:0cxx_inline_namespaces
    Feature record: CXX_FEATURE:0cxx_lambdas
    Feature record: CXX_FEATURE:0cxx_lambda_init_captures
    Feature record: CXX_FEATURE:0cxx_local_type_template_args
    Feature record: CXX_FEATURE:0cxx_long_long_type
    Feature record: CXX_FEATURE:0cxx_noexcept
    Feature record: CXX_FEATURE:0cxx_nonstatic_member_init
    Feature record: CXX_FEATURE:0cxx_nullptr
    Feature record: CXX_FEATURE:0cxx_override
    Feature record: CXX_FEATURE:0cxx_range_for
    Feature record: CXX_FEATURE:0cxx_raw_string_literals
    Feature record: CXX_FEATURE:0cxx_reference_qualified_functions
    Feature record: CXX_FEATURE:0cxx_relaxed_constexpr
    Feature record: CXX_FEATURE:0cxx_return_type_deduction
    Feature record: CXX_FEATURE:0cxx_right_angle_brackets
    Feature record: CXX_FEATURE:0cxx_rvalue_references
    Feature record: CXX_FEATURE:0cxx_sizeof_member
    Feature record: CXX_FEATURE:0cxx_static_assert
    Feature record: CXX_FEATURE:0cxx_strong_enums
    Feature record: CXX_FEATURE:1cxx_template_template_parameters
    Feature record: CXX_FEATURE:0cxx_thread_local
    Feature record: CXX_FEATURE:0cxx_trailing_return_types
    Feature record: CXX_FEATURE:0cxx_unicode_literals
    Feature record: CXX_FEATURE:0cxx_uniform_initialization
    Feature record: CXX_FEATURE:0cxx_unrestricted_unions
    Feature record: CXX_FEATURE:0cxx_user_literals
    Feature record: CXX_FEATURE:0cxx_variable_templates
    Feature record: CXX_FEATURE:0cxx_variadic_macros
    Feature record: CXX_FEATURE:0cxx_variadic_templates
