The system is: Linux - 2.6.32-573.8.1.el6.x86_64 - x86_64
Compiling the C compiler identification source file "CMakeCCompilerId.c" succeeded.
Compiler: /usr/sup/bin/cc 
Build flags: 
Id flags: 

The output was:
0


Compilation of the C compiler identification source "CMakeCCompilerId.c" produced "a.out"

The C compiler identification is GNU, found in "/h/mvanweli/workspace/opencv/tutorials/CMakeFiles/3.3.1/CompilerIdC/a.out"

Compiling the CXX compiler identification source file "CMakeCXXCompilerId.cpp" succeeded.
Compiler: /usr/sup/bin/c++ 
Build flags: 
Id flags: 

The output was:
0


Compilation of the CXX compiler identification source "CMakeCXXCompilerId.cpp" produced "a.out"

The CXX compiler identification is GNU, found in "/h/mvanweli/workspace/opencv/tutorials/CMakeFiles/3.3.1/CompilerIdCXX/a.out"

Determining if the C compiler works passed with the following output:
Change Dir: /h/mvanweli/workspace/opencv/tutorials/CMakeFiles/CMakeTmp

Run Build Command:"/usr/bin/gmake" "cmTC_3891f/fast"
/usr/bin/gmake -f CMakeFiles/cmTC_3891f.dir/build.make CMakeFiles/cmTC_3891f.dir/build
gmake[1]: Entering directory `/h/mvanweli/workspace/opencv/tutorials/CMakeFiles/CMakeTmp'
Building C object CMakeFiles/cmTC_3891f.dir/testCCompiler.c.o
/usr/sup/bin/cc    -o CMakeFiles/cmTC_3891f.dir/testCCompiler.c.o   -c /h/mvanweli/workspace/opencv/tutorials/CMakeFiles/CMakeTmp/testCCompiler.c
Linking C executable cmTC_3891f
/usr/sup/cmake-3.3.1/bin/cmake -E cmake_link_script CMakeFiles/cmTC_3891f.dir/link.txt --verbose=1
/usr/sup/bin/cc       CMakeFiles/cmTC_3891f.dir/testCCompiler.c.o  -o cmTC_3891f -rdynamic 
gmake[1]: Leaving directory `/h/mvanweli/workspace/opencv/tutorials/CMakeFiles/CMakeTmp'


Detecting C compiler ABI info compiled with the following output:
Change Dir: /h/mvanweli/workspace/opencv/tutorials/CMakeFiles/CMakeTmp

Run Build Command:"/usr/bin/gmake" "cmTC_e54ad/fast"
/usr/bin/gmake -f CMakeFiles/cmTC_e54ad.dir/build.make CMakeFiles/cmTC_e54ad.dir/build
gmake[1]: Entering directory `/h/mvanweli/workspace/opencv/tutorials/CMakeFiles/CMakeTmp'
Building C object CMakeFiles/cmTC_e54ad.dir/CMakeCCompilerABI.c.o
/usr/sup/bin/cc    -o CMakeFiles/cmTC_e54ad.dir/CMakeCCompilerABI.c.o   -c /usr/sup/cmake-3.3.1/share/cmake-3.3/Modules/CMakeCCompilerABI.c
Linking C executable cmTC_e54ad
/usr/sup/cmake-3.3.1/bin/cmake -E cmake_link_script CMakeFiles/cmTC_e54ad.dir/link.txt --verbose=1
/usr/sup/bin/cc      -v CMakeFiles/cmTC_e54ad.dir/CMakeCCompilerABI.c.o  -o cmTC_e54ad -rdynamic  
Using built-in specs.
COLLECT_GCC=/usr/sup/bin/cc
COLLECT_LTO_WRAPPER=/usr/sup/gcc-4.8.0/libexec/gcc/x86_64-unknown-linux-gnu/4.8.0/lto-wrapper
Target: x86_64-unknown-linux-gnu
Configured with: ./configure --prefix=/usr/sup/gcc-4.8.0
Thread model: posix
gcc version 4.8.0 (GCC) 
COMPILER_PATH=/usr/sup/gcc-4.8.0/libexec/gcc/x86_64-unknown-linux-gnu/4.8.0/:/usr/sup/gcc-4.8.0/libexec/gcc/x86_64-unknown-linux-gnu/4.8.0/:/usr/sup/gcc-4.8.0/libexec/gcc/x86_64-unknown-linux-gnu/:/usr/sup/gcc-4.8.0/lib/gcc/x86_64-unknown-linux-gnu/4.8.0/:/usr/sup/gcc-4.8.0/lib/gcc/x86_64-unknown-linux-gnu/
LIBRARY_PATH=/usr/sup/gcc-4.8.0/lib/gcc/x86_64-unknown-linux-gnu/4.8.0/:/usr/sup/gcc-4.8.0/lib/gcc/x86_64-unknown-linux-gnu/4.8.0/../../../../lib64/:/lib/../lib64/:/usr/lib/../lib64/:/usr/sup/gcc-4.8.0/lib/gcc/x86_64-unknown-linux-gnu/4.8.0/../../../:/lib/:/usr/lib/
COLLECT_GCC_OPTIONS='-v' '-o' 'cmTC_e54ad' '-rdynamic' '-mtune=generic' '-march=x86-64'
 /usr/sup/gcc-4.8.0/libexec/gcc/x86_64-unknown-linux-gnu/4.8.0/collect2 --eh-frame-hdr -m elf_x86_64 -export-dynamic -dynamic-linker /lib64/ld-linux-x86-64.so.2 -o cmTC_e54ad /usr/lib/../lib64/crt1.o /usr/lib/../lib64/crti.o /usr/sup/gcc-4.8.0/lib/gcc/x86_64-unknown-linux-gnu/4.8.0/crtbegin.o -L/usr/sup/gcc-4.8.0/lib/gcc/x86_64-unknown-linux-gnu/4.8.0 -L/usr/sup/gcc-4.8.0/lib/gcc/x86_64-unknown-linux-gnu/4.8.0/../../../../lib64 -L/lib/../lib64 -L/usr/lib/../lib64 -L/usr/sup/gcc-4.8.0/lib/gcc/x86_64-unknown-linux-gnu/4.8.0/../../.. CMakeFiles/cmTC_e54ad.dir/CMakeCCompilerABI.c.o -lgcc --as-needed -lgcc_s --no-as-needed -lc -lgcc --as-needed -lgcc_s --no-as-needed /usr/sup/gcc-4.8.0/lib/gcc/x86_64-unknown-linux-gnu/4.8.0/crtend.o /usr/lib/../lib64/crtn.o
gmake[1]: Leaving directory `/h/mvanweli/workspace/opencv/tutorials/CMakeFiles/CMakeTmp'


Parsed C implicit link information from above output:
  link line regex: [^( *|.*[/\])(ld|([^/\]+-)?ld|collect2)[^/\]*( |$)]
  ignore line: [Change Dir: /h/mvanweli/workspace/opencv/tutorials/CMakeFiles/CMakeTmp]
  ignore line: []
  ignore line: [Run Build Command:"/usr/bin/gmake" "cmTC_e54ad/fast"]
  ignore line: [/usr/bin/gmake -f CMakeFiles/cmTC_e54ad.dir/build.make CMakeFiles/cmTC_e54ad.dir/build]
  ignore line: [gmake[1]: Entering directory `/h/mvanweli/workspace/opencv/tutorials/CMakeFiles/CMakeTmp']
  ignore line: [Building C object CMakeFiles/cmTC_e54ad.dir/CMakeCCompilerABI.c.o]
  ignore line: [/usr/sup/bin/cc    -o CMakeFiles/cmTC_e54ad.dir/CMakeCCompilerABI.c.o   -c /usr/sup/cmake-3.3.1/share/cmake-3.3/Modules/CMakeCCompilerABI.c]
  ignore line: [Linking C executable cmTC_e54ad]
  ignore line: [/usr/sup/cmake-3.3.1/bin/cmake -E cmake_link_script CMakeFiles/cmTC_e54ad.dir/link.txt --verbose=1]
  ignore line: [/usr/sup/bin/cc      -v CMakeFiles/cmTC_e54ad.dir/CMakeCCompilerABI.c.o  -o cmTC_e54ad -rdynamic  ]
  ignore line: [Using built-in specs.]
  ignore line: [COLLECT_GCC=/usr/sup/bin/cc]
  ignore line: [COLLECT_LTO_WRAPPER=/usr/sup/gcc-4.8.0/libexec/gcc/x86_64-unknown-linux-gnu/4.8.0/lto-wrapper]
  ignore line: [Target: x86_64-unknown-linux-gnu]
  ignore line: [Configured with: ./configure --prefix=/usr/sup/gcc-4.8.0]
  ignore line: [Thread model: posix]
  ignore line: [gcc version 4.8.0 (GCC) ]
  ignore line: [COMPILER_PATH=/usr/sup/gcc-4.8.0/libexec/gcc/x86_64-unknown-linux-gnu/4.8.0/:/usr/sup/gcc-4.8.0/libexec/gcc/x86_64-unknown-linux-gnu/4.8.0/:/usr/sup/gcc-4.8.0/libexec/gcc/x86_64-unknown-linux-gnu/:/usr/sup/gcc-4.8.0/lib/gcc/x86_64-unknown-linux-gnu/4.8.0/:/usr/sup/gcc-4.8.0/lib/gcc/x86_64-unknown-linux-gnu/]
  ignore line: [LIBRARY_PATH=/usr/sup/gcc-4.8.0/lib/gcc/x86_64-unknown-linux-gnu/4.8.0/:/usr/sup/gcc-4.8.0/lib/gcc/x86_64-unknown-linux-gnu/4.8.0/../../../../lib64/:/lib/../lib64/:/usr/lib/../lib64/:/usr/sup/gcc-4.8.0/lib/gcc/x86_64-unknown-linux-gnu/4.8.0/../../../:/lib/:/usr/lib/]
  ignore line: [COLLECT_GCC_OPTIONS='-v' '-o' 'cmTC_e54ad' '-rdynamic' '-mtune=generic' '-march=x86-64']
  link line: [ /usr/sup/gcc-4.8.0/libexec/gcc/x86_64-unknown-linux-gnu/4.8.0/collect2 --eh-frame-hdr -m elf_x86_64 -export-dynamic -dynamic-linker /lib64/ld-linux-x86-64.so.2 -o cmTC_e54ad /usr/lib/../lib64/crt1.o /usr/lib/../lib64/crti.o /usr/sup/gcc-4.8.0/lib/gcc/x86_64-unknown-linux-gnu/4.8.0/crtbegin.o -L/usr/sup/gcc-4.8.0/lib/gcc/x86_64-unknown-linux-gnu/4.8.0 -L/usr/sup/gcc-4.8.0/lib/gcc/x86_64-unknown-linux-gnu/4.8.0/../../../../lib64 -L/lib/../lib64 -L/usr/lib/../lib64 -L/usr/sup/gcc-4.8.0/lib/gcc/x86_64-unknown-linux-gnu/4.8.0/../../.. CMakeFiles/cmTC_e54ad.dir/CMakeCCompilerABI.c.o -lgcc --as-needed -lgcc_s --no-as-needed -lc -lgcc --as-needed -lgcc_s --no-as-needed /usr/sup/gcc-4.8.0/lib/gcc/x86_64-unknown-linux-gnu/4.8.0/crtend.o /usr/lib/../lib64/crtn.o]
    arg [/usr/sup/gcc-4.8.0/libexec/gcc/x86_64-unknown-linux-gnu/4.8.0/collect2] ==> ignore
    arg [--eh-frame-hdr] ==> ignore
    arg [-m] ==> ignore
    arg [elf_x86_64] ==> ignore
    arg [-export-dynamic] ==> ignore
    arg [-dynamic-linker] ==> ignore
    arg [/lib64/ld-linux-x86-64.so.2] ==> ignore
    arg [-o] ==> ignore
    arg [cmTC_e54ad] ==> ignore
    arg [/usr/lib/../lib64/crt1.o] ==> ignore
    arg [/usr/lib/../lib64/crti.o] ==> ignore
    arg [/usr/sup/gcc-4.8.0/lib/gcc/x86_64-unknown-linux-gnu/4.8.0/crtbegin.o] ==> ignore
    arg [-L/usr/sup/gcc-4.8.0/lib/gcc/x86_64-unknown-linux-gnu/4.8.0] ==> dir [/usr/sup/gcc-4.8.0/lib/gcc/x86_64-unknown-linux-gnu/4.8.0]
    arg [-L/usr/sup/gcc-4.8.0/lib/gcc/x86_64-unknown-linux-gnu/4.8.0/../../../../lib64] ==> dir [/usr/sup/gcc-4.8.0/lib/gcc/x86_64-unknown-linux-gnu/4.8.0/../../../../lib64]
    arg [-L/lib/../lib64] ==> dir [/lib/../lib64]
    arg [-L/usr/lib/../lib64] ==> dir [/usr/lib/../lib64]
    arg [-L/usr/sup/gcc-4.8.0/lib/gcc/x86_64-unknown-linux-gnu/4.8.0/../../..] ==> dir [/usr/sup/gcc-4.8.0/lib/gcc/x86_64-unknown-linux-gnu/4.8.0/../../..]
    arg [CMakeFiles/cmTC_e54ad.dir/CMakeCCompilerABI.c.o] ==> ignore
    arg [-lgcc] ==> lib [gcc]
    arg [--as-needed] ==> ignore
    arg [-lgcc_s] ==> lib [gcc_s]
    arg [--no-as-needed] ==> ignore
    arg [-lc] ==> lib [c]
    arg [-lgcc] ==> lib [gcc]
    arg [--as-needed] ==> ignore
    arg [-lgcc_s] ==> lib [gcc_s]
    arg [--no-as-needed] ==> ignore
    arg [/usr/sup/gcc-4.8.0/lib/gcc/x86_64-unknown-linux-gnu/4.8.0/crtend.o] ==> ignore
    arg [/usr/lib/../lib64/crtn.o] ==> ignore
  remove lib [gcc]
  remove lib [gcc_s]
  remove lib [gcc]
  remove lib [gcc_s]
  collapse library dir [/usr/sup/gcc-4.8.0/lib/gcc/x86_64-unknown-linux-gnu/4.8.0] ==> [/usr/sup/gcc-4.8.0/lib/gcc/x86_64-unknown-linux-gnu/4.8.0]
  collapse library dir [/usr/sup/gcc-4.8.0/lib/gcc/x86_64-unknown-linux-gnu/4.8.0/../../../../lib64] ==> [/usr/sup/gcc-4.8.0/lib64]
  collapse library dir [/lib/../lib64] ==> [/lib64]
  collapse library dir [/usr/lib/../lib64] ==> [/usr/lib64]
  collapse library dir [/usr/sup/gcc-4.8.0/lib/gcc/x86_64-unknown-linux-gnu/4.8.0/../../..] ==> [/usr/sup/gcc-4.8.0/lib]
  implicit libs: [c]
  implicit dirs: [/usr/sup/gcc-4.8.0/lib/gcc/x86_64-unknown-linux-gnu/4.8.0;/usr/sup/gcc-4.8.0/lib64;/lib64;/usr/lib64;/usr/sup/gcc-4.8.0/lib]
  implicit fwks: []




Detecting C [-std=c11] compiler features compiled with the following output:
Change Dir: /h/mvanweli/workspace/opencv/tutorials/CMakeFiles/CMakeTmp

Run Build Command:"/usr/bin/gmake" "cmTC_d2821/fast"
/usr/bin/gmake -f CMakeFiles/cmTC_d2821.dir/build.make CMakeFiles/cmTC_d2821.dir/build
gmake[1]: Entering directory `/h/mvanweli/workspace/opencv/tutorials/CMakeFiles/CMakeTmp'
Building C object CMakeFiles/cmTC_d2821.dir/feature_tests.c.o
/usr/sup/bin/cc   -std=c11 -o CMakeFiles/cmTC_d2821.dir/feature_tests.c.o   -c /h/mvanweli/workspace/opencv/tutorials/CMakeFiles/feature_tests.c
Linking C executable cmTC_d2821
/usr/sup/cmake-3.3.1/bin/cmake -E cmake_link_script CMakeFiles/cmTC_d2821.dir/link.txt --verbose=1
/usr/sup/bin/cc       CMakeFiles/cmTC_d2821.dir/feature_tests.c.o  -o cmTC_d2821 -rdynamic 
gmake[1]: Leaving directory `/h/mvanweli/workspace/opencv/tutorials/CMakeFiles/CMakeTmp'


    Feature record: C_FEATURE:1c_function_prototypes
    Feature record: C_FEATURE:1c_restrict
    Feature record: C_FEATURE:1c_static_assert
    Feature record: C_FEATURE:1c_variadic_macros


Detecting C [-std=c99] compiler features compiled with the following output:
Change Dir: /h/mvanweli/workspace/opencv/tutorials/CMakeFiles/CMakeTmp

Run Build Command:"/usr/bin/gmake" "cmTC_722c4/fast"
/usr/bin/gmake -f CMakeFiles/cmTC_722c4.dir/build.make CMakeFiles/cmTC_722c4.dir/build
gmake[1]: Entering directory `/h/mvanweli/workspace/opencv/tutorials/CMakeFiles/CMakeTmp'
Building C object CMakeFiles/cmTC_722c4.dir/feature_tests.c.o
/usr/sup/bin/cc   -std=c99 -o CMakeFiles/cmTC_722c4.dir/feature_tests.c.o   -c /h/mvanweli/workspace/opencv/tutorials/CMakeFiles/feature_tests.c
Linking C executable cmTC_722c4
/usr/sup/cmake-3.3.1/bin/cmake -E cmake_link_script CMakeFiles/cmTC_722c4.dir/link.txt --verbose=1
/usr/sup/bin/cc       CMakeFiles/cmTC_722c4.dir/feature_tests.c.o  -o cmTC_722c4 -rdynamic 
gmake[1]: Leaving directory `/h/mvanweli/workspace/opencv/tutorials/CMakeFiles/CMakeTmp'


    Feature record: C_FEATURE:1c_function_prototypes
    Feature record: C_FEATURE:1c_restrict
    Feature record: C_FEATURE:0c_static_assert
    Feature record: C_FEATURE:1c_variadic_macros


Detecting C [-std=c90] compiler features compiled with the following output:
Change Dir: /h/mvanweli/workspace/opencv/tutorials/CMakeFiles/CMakeTmp

Run Build Command:"/usr/bin/gmake" "cmTC_dd64d/fast"
/usr/bin/gmake -f CMakeFiles/cmTC_dd64d.dir/build.make CMakeFiles/cmTC_dd64d.dir/build
gmake[1]: Entering directory `/h/mvanweli/workspace/opencv/tutorials/CMakeFiles/CMakeTmp'
Building C object CMakeFiles/cmTC_dd64d.dir/feature_tests.c.o
/usr/sup/bin/cc   -std=c90 -o CMakeFiles/cmTC_dd64d.dir/feature_tests.c.o   -c /h/mvanweli/workspace/opencv/tutorials/CMakeFiles/feature_tests.c
Linking C executable cmTC_dd64d
/usr/sup/cmake-3.3.1/bin/cmake -E cmake_link_script CMakeFiles/cmTC_dd64d.dir/link.txt --verbose=1
/usr/sup/bin/cc       CMakeFiles/cmTC_dd64d.dir/feature_tests.c.o  -o cmTC_dd64d -rdynamic 
gmake[1]: Leaving directory `/h/mvanweli/workspace/opencv/tutorials/CMakeFiles/CMakeTmp'


    Feature record: C_FEATURE:1c_function_prototypes
    Feature record: C_FEATURE:0c_restrict
    Feature record: C_FEATURE:0c_static_assert
    Feature record: C_FEATURE:0c_variadic_macros
Determining if the CXX compiler works passed with the following output:
Change Dir: /h/mvanweli/workspace/opencv/tutorials/CMakeFiles/CMakeTmp

Run Build Command:"/usr/bin/gmake" "cmTC_a23a2/fast"
/usr/bin/gmake -f CMakeFiles/cmTC_a23a2.dir/build.make CMakeFiles/cmTC_a23a2.dir/build
gmake[1]: Entering directory `/h/mvanweli/workspace/opencv/tutorials/CMakeFiles/CMakeTmp'
Building CXX object CMakeFiles/cmTC_a23a2.dir/testCXXCompiler.cxx.o
/usr/sup/bin/c++     -o CMakeFiles/cmTC_a23a2.dir/testCXXCompiler.cxx.o -c /h/mvanweli/workspace/opencv/tutorials/CMakeFiles/CMakeTmp/testCXXCompiler.cxx
Linking CXX executable cmTC_a23a2
/usr/sup/cmake-3.3.1/bin/cmake -E cmake_link_script CMakeFiles/cmTC_a23a2.dir/link.txt --verbose=1
/usr/sup/bin/c++        CMakeFiles/cmTC_a23a2.dir/testCXXCompiler.cxx.o  -o cmTC_a23a2 -rdynamic 
gmake[1]: Leaving directory `/h/mvanweli/workspace/opencv/tutorials/CMakeFiles/CMakeTmp'


Detecting CXX compiler ABI info compiled with the following output:
Change Dir: /h/mvanweli/workspace/opencv/tutorials/CMakeFiles/CMakeTmp

Run Build Command:"/usr/bin/gmake" "cmTC_c4a47/fast"
/usr/bin/gmake -f CMakeFiles/cmTC_c4a47.dir/build.make CMakeFiles/cmTC_c4a47.dir/build
gmake[1]: Entering directory `/h/mvanweli/workspace/opencv/tutorials/CMakeFiles/CMakeTmp'
Building CXX object CMakeFiles/cmTC_c4a47.dir/CMakeCXXCompilerABI.cpp.o
/usr/sup/bin/c++     -o CMakeFiles/cmTC_c4a47.dir/CMakeCXXCompilerABI.cpp.o -c /usr/sup/cmake-3.3.1/share/cmake-3.3/Modules/CMakeCXXCompilerABI.cpp
Linking CXX executable cmTC_c4a47
/usr/sup/cmake-3.3.1/bin/cmake -E cmake_link_script CMakeFiles/cmTC_c4a47.dir/link.txt --verbose=1
/usr/sup/bin/c++       -v CMakeFiles/cmTC_c4a47.dir/CMakeCXXCompilerABI.cpp.o  -o cmTC_c4a47 -rdynamic  
Using built-in specs.
COLLECT_GCC=/usr/sup/bin/c++
COLLECT_LTO_WRAPPER=/usr/sup/gcc-4.8.0/libexec/gcc/x86_64-unknown-linux-gnu/4.8.0/lto-wrapper
Target: x86_64-unknown-linux-gnu
Configured with: ./configure --prefix=/usr/sup/gcc-4.8.0
Thread model: posix
gcc version 4.8.0 (GCC) 
COMPILER_PATH=/usr/sup/gcc-4.8.0/libexec/gcc/x86_64-unknown-linux-gnu/4.8.0/:/usr/sup/gcc-4.8.0/libexec/gcc/x86_64-unknown-linux-gnu/4.8.0/:/usr/sup/gcc-4.8.0/libexec/gcc/x86_64-unknown-linux-gnu/:/usr/sup/gcc-4.8.0/lib/gcc/x86_64-unknown-linux-gnu/4.8.0/:/usr/sup/gcc-4.8.0/lib/gcc/x86_64-unknown-linux-gnu/
LIBRARY_PATH=/usr/sup/gcc-4.8.0/lib/gcc/x86_64-unknown-linux-gnu/4.8.0/:/usr/sup/gcc-4.8.0/lib/gcc/x86_64-unknown-linux-gnu/4.8.0/../../../../lib64/:/lib/../lib64/:/usr/lib/../lib64/:/usr/sup/gcc-4.8.0/lib/gcc/x86_64-unknown-linux-gnu/4.8.0/../../../:/lib/:/usr/lib/
COLLECT_GCC_OPTIONS='-v' '-o' 'cmTC_c4a47' '-rdynamic' '-shared-libgcc' '-mtune=generic' '-march=x86-64'
 /usr/sup/gcc-4.8.0/libexec/gcc/x86_64-unknown-linux-gnu/4.8.0/collect2 --eh-frame-hdr -m elf_x86_64 -export-dynamic -dynamic-linker /lib64/ld-linux-x86-64.so.2 -o cmTC_c4a47 /usr/lib/../lib64/crt1.o /usr/lib/../lib64/crti.o /usr/sup/gcc-4.8.0/lib/gcc/x86_64-unknown-linux-gnu/4.8.0/crtbegin.o -L/usr/sup/gcc-4.8.0/lib/gcc/x86_64-unknown-linux-gnu/4.8.0 -L/usr/sup/gcc-4.8.0/lib/gcc/x86_64-unknown-linux-gnu/4.8.0/../../../../lib64 -L/lib/../lib64 -L/usr/lib/../lib64 -L/usr/sup/gcc-4.8.0/lib/gcc/x86_64-unknown-linux-gnu/4.8.0/../../.. CMakeFiles/cmTC_c4a47.dir/CMakeCXXCompilerABI.cpp.o -lstdc++ -lm -lgcc_s -lgcc -lc -lgcc_s -lgcc /usr/sup/gcc-4.8.0/lib/gcc/x86_64-unknown-linux-gnu/4.8.0/crtend.o /usr/lib/../lib64/crtn.o
gmake[1]: Leaving directory `/h/mvanweli/workspace/opencv/tutorials/CMakeFiles/CMakeTmp'


Parsed CXX implicit link information from above output:
  link line regex: [^( *|.*[/\])(ld|([^/\]+-)?ld|collect2)[^/\]*( |$)]
  ignore line: [Change Dir: /h/mvanweli/workspace/opencv/tutorials/CMakeFiles/CMakeTmp]
  ignore line: []
  ignore line: [Run Build Command:"/usr/bin/gmake" "cmTC_c4a47/fast"]
  ignore line: [/usr/bin/gmake -f CMakeFiles/cmTC_c4a47.dir/build.make CMakeFiles/cmTC_c4a47.dir/build]
  ignore line: [gmake[1]: Entering directory `/h/mvanweli/workspace/opencv/tutorials/CMakeFiles/CMakeTmp']
  ignore line: [Building CXX object CMakeFiles/cmTC_c4a47.dir/CMakeCXXCompilerABI.cpp.o]
  ignore line: [/usr/sup/bin/c++     -o CMakeFiles/cmTC_c4a47.dir/CMakeCXXCompilerABI.cpp.o -c /usr/sup/cmake-3.3.1/share/cmake-3.3/Modules/CMakeCXXCompilerABI.cpp]
  ignore line: [Linking CXX executable cmTC_c4a47]
  ignore line: [/usr/sup/cmake-3.3.1/bin/cmake -E cmake_link_script CMakeFiles/cmTC_c4a47.dir/link.txt --verbose=1]
  ignore line: [/usr/sup/bin/c++       -v CMakeFiles/cmTC_c4a47.dir/CMakeCXXCompilerABI.cpp.o  -o cmTC_c4a47 -rdynamic  ]
  ignore line: [Using built-in specs.]
  ignore line: [COLLECT_GCC=/usr/sup/bin/c++]
  ignore line: [COLLECT_LTO_WRAPPER=/usr/sup/gcc-4.8.0/libexec/gcc/x86_64-unknown-linux-gnu/4.8.0/lto-wrapper]
  ignore line: [Target: x86_64-unknown-linux-gnu]
  ignore line: [Configured with: ./configure --prefix=/usr/sup/gcc-4.8.0]
  ignore line: [Thread model: posix]
  ignore line: [gcc version 4.8.0 (GCC) ]
  ignore line: [COMPILER_PATH=/usr/sup/gcc-4.8.0/libexec/gcc/x86_64-unknown-linux-gnu/4.8.0/:/usr/sup/gcc-4.8.0/libexec/gcc/x86_64-unknown-linux-gnu/4.8.0/:/usr/sup/gcc-4.8.0/libexec/gcc/x86_64-unknown-linux-gnu/:/usr/sup/gcc-4.8.0/lib/gcc/x86_64-unknown-linux-gnu/4.8.0/:/usr/sup/gcc-4.8.0/lib/gcc/x86_64-unknown-linux-gnu/]
  ignore line: [LIBRARY_PATH=/usr/sup/gcc-4.8.0/lib/gcc/x86_64-unknown-linux-gnu/4.8.0/:/usr/sup/gcc-4.8.0/lib/gcc/x86_64-unknown-linux-gnu/4.8.0/../../../../lib64/:/lib/../lib64/:/usr/lib/../lib64/:/usr/sup/gcc-4.8.0/lib/gcc/x86_64-unknown-linux-gnu/4.8.0/../../../:/lib/:/usr/lib/]
  ignore line: [COLLECT_GCC_OPTIONS='-v' '-o' 'cmTC_c4a47' '-rdynamic' '-shared-libgcc' '-mtune=generic' '-march=x86-64']
  link line: [ /usr/sup/gcc-4.8.0/libexec/gcc/x86_64-unknown-linux-gnu/4.8.0/collect2 --eh-frame-hdr -m elf_x86_64 -export-dynamic -dynamic-linker /lib64/ld-linux-x86-64.so.2 -o cmTC_c4a47 /usr/lib/../lib64/crt1.o /usr/lib/../lib64/crti.o /usr/sup/gcc-4.8.0/lib/gcc/x86_64-unknown-linux-gnu/4.8.0/crtbegin.o -L/usr/sup/gcc-4.8.0/lib/gcc/x86_64-unknown-linux-gnu/4.8.0 -L/usr/sup/gcc-4.8.0/lib/gcc/x86_64-unknown-linux-gnu/4.8.0/../../../../lib64 -L/lib/../lib64 -L/usr/lib/../lib64 -L/usr/sup/gcc-4.8.0/lib/gcc/x86_64-unknown-linux-gnu/4.8.0/../../.. CMakeFiles/cmTC_c4a47.dir/CMakeCXXCompilerABI.cpp.o -lstdc++ -lm -lgcc_s -lgcc -lc -lgcc_s -lgcc /usr/sup/gcc-4.8.0/lib/gcc/x86_64-unknown-linux-gnu/4.8.0/crtend.o /usr/lib/../lib64/crtn.o]
    arg [/usr/sup/gcc-4.8.0/libexec/gcc/x86_64-unknown-linux-gnu/4.8.0/collect2] ==> ignore
    arg [--eh-frame-hdr] ==> ignore
    arg [-m] ==> ignore
    arg [elf_x86_64] ==> ignore
    arg [-export-dynamic] ==> ignore
    arg [-dynamic-linker] ==> ignore
    arg [/lib64/ld-linux-x86-64.so.2] ==> ignore
    arg [-o] ==> ignore
    arg [cmTC_c4a47] ==> ignore
    arg [/usr/lib/../lib64/crt1.o] ==> ignore
    arg [/usr/lib/../lib64/crti.o] ==> ignore
    arg [/usr/sup/gcc-4.8.0/lib/gcc/x86_64-unknown-linux-gnu/4.8.0/crtbegin.o] ==> ignore
    arg [-L/usr/sup/gcc-4.8.0/lib/gcc/x86_64-unknown-linux-gnu/4.8.0] ==> dir [/usr/sup/gcc-4.8.0/lib/gcc/x86_64-unknown-linux-gnu/4.8.0]
    arg [-L/usr/sup/gcc-4.8.0/lib/gcc/x86_64-unknown-linux-gnu/4.8.0/../../../../lib64] ==> dir [/usr/sup/gcc-4.8.0/lib/gcc/x86_64-unknown-linux-gnu/4.8.0/../../../../lib64]
    arg [-L/lib/../lib64] ==> dir [/lib/../lib64]
    arg [-L/usr/lib/../lib64] ==> dir [/usr/lib/../lib64]
    arg [-L/usr/sup/gcc-4.8.0/lib/gcc/x86_64-unknown-linux-gnu/4.8.0/../../..] ==> dir [/usr/sup/gcc-4.8.0/lib/gcc/x86_64-unknown-linux-gnu/4.8.0/../../..]
    arg [CMakeFiles/cmTC_c4a47.dir/CMakeCXXCompilerABI.cpp.o] ==> ignore
    arg [-lstdc++] ==> lib [stdc++]
    arg [-lm] ==> lib [m]
    arg [-lgcc_s] ==> lib [gcc_s]
    arg [-lgcc] ==> lib [gcc]
    arg [-lc] ==> lib [c]
    arg [-lgcc_s] ==> lib [gcc_s]
    arg [-lgcc] ==> lib [gcc]
    arg [/usr/sup/gcc-4.8.0/lib/gcc/x86_64-unknown-linux-gnu/4.8.0/crtend.o] ==> ignore
    arg [/usr/lib/../lib64/crtn.o] ==> ignore
  remove lib [gcc_s]
  remove lib [gcc]
  remove lib [gcc_s]
  remove lib [gcc]
  collapse library dir [/usr/sup/gcc-4.8.0/lib/gcc/x86_64-unknown-linux-gnu/4.8.0] ==> [/usr/sup/gcc-4.8.0/lib/gcc/x86_64-unknown-linux-gnu/4.8.0]
  collapse library dir [/usr/sup/gcc-4.8.0/lib/gcc/x86_64-unknown-linux-gnu/4.8.0/../../../../lib64] ==> [/usr/sup/gcc-4.8.0/lib64]
  collapse library dir [/lib/../lib64] ==> [/lib64]
  collapse library dir [/usr/lib/../lib64] ==> [/usr/lib64]
  collapse library dir [/usr/sup/gcc-4.8.0/lib/gcc/x86_64-unknown-linux-gnu/4.8.0/../../..] ==> [/usr/sup/gcc-4.8.0/lib]
  implicit libs: [stdc++;m;c]
  implicit dirs: [/usr/sup/gcc-4.8.0/lib/gcc/x86_64-unknown-linux-gnu/4.8.0;/usr/sup/gcc-4.8.0/lib64;/lib64;/usr/lib64;/usr/sup/gcc-4.8.0/lib]
  implicit fwks: []




Detecting CXX [-std=c++1y] compiler features compiled with the following output:
Change Dir: /h/mvanweli/workspace/opencv/tutorials/CMakeFiles/CMakeTmp

Run Build Command:"/usr/bin/gmake" "cmTC_c020a/fast"
/usr/bin/gmake -f CMakeFiles/cmTC_c020a.dir/build.make CMakeFiles/cmTC_c020a.dir/build
gmake[1]: Entering directory `/h/mvanweli/workspace/opencv/tutorials/CMakeFiles/CMakeTmp'
Building CXX object CMakeFiles/cmTC_c020a.dir/feature_tests.cxx.o
/usr/sup/bin/c++    -std=c++1y -o CMakeFiles/cmTC_c020a.dir/feature_tests.cxx.o -c /h/mvanweli/workspace/opencv/tutorials/CMakeFiles/feature_tests.cxx
Linking CXX executable cmTC_c020a
/usr/sup/cmake-3.3.1/bin/cmake -E cmake_link_script CMakeFiles/cmTC_c020a.dir/link.txt --verbose=1
/usr/sup/bin/c++        CMakeFiles/cmTC_c020a.dir/feature_tests.cxx.o  -o cmTC_c020a -rdynamic 
gmake[1]: Leaving directory `/h/mvanweli/workspace/opencv/tutorials/CMakeFiles/CMakeTmp'


    Feature record: CXX_FEATURE:0cxx_aggregate_default_initializers
    Feature record: CXX_FEATURE:1cxx_alias_templates
    Feature record: CXX_FEATURE:1cxx_alignas
    Feature record: CXX_FEATURE:1cxx_alignof
    Feature record: CXX_FEATURE:1cxx_attributes
    Feature record: CXX_FEATURE:0cxx_attribute_deprecated
    Feature record: CXX_FEATURE:1cxx_auto_type
    Feature record: CXX_FEATURE:0cxx_binary_literals
    Feature record: CXX_FEATURE:1cxx_constexpr
    Feature record: CXX_FEATURE:0cxx_contextual_conversions
    Feature record: CXX_FEATURE:1cxx_decltype
    Feature record: CXX_FEATURE:0cxx_decltype_auto
    Feature record: CXX_FEATURE:0cxx_decltype_incomplete_return_types
    Feature record: CXX_FEATURE:1cxx_default_function_template_args
    Feature record: CXX_FEATURE:1cxx_defaulted_functions
    Feature record: CXX_FEATURE:1cxx_defaulted_move_initializers
    Feature record: CXX_FEATURE:1cxx_delegating_constructors
    Feature record: CXX_FEATURE:1cxx_deleted_functions
    Feature record: CXX_FEATURE:0cxx_digit_separators
    Feature record: CXX_FEATURE:1cxx_enum_forward_declarations
    Feature record: CXX_FEATURE:1cxx_explicit_conversions
    Feature record: CXX_FEATURE:1cxx_extended_friend_declarations
    Feature record: CXX_FEATURE:1cxx_extern_templates
    Feature record: CXX_FEATURE:1cxx_final
    Feature record: CXX_FEATURE:1cxx_func_identifier
    Feature record: CXX_FEATURE:1cxx_generalized_initializers
    Feature record: CXX_FEATURE:0cxx_generic_lambdas
    Feature record: CXX_FEATURE:1cxx_inheriting_constructors
    Feature record: CXX_FEATURE:1cxx_inline_namespaces
    Feature record: CXX_FEATURE:1cxx_lambdas
    Feature record: CXX_FEATURE:0cxx_lambda_init_captures
    Feature record: CXX_FEATURE:1cxx_local_type_template_args
    Feature record: CXX_FEATURE:1cxx_long_long_type
    Feature record: CXX_FEATURE:1cxx_noexcept
    Feature record: CXX_FEATURE:1cxx_nonstatic_member_init
    Feature record: CXX_FEATURE:1cxx_nullptr
    Feature record: CXX_FEATURE:1cxx_override
    Feature record: CXX_FEATURE:1cxx_range_for
    Feature record: CXX_FEATURE:1cxx_raw_string_literals
    Feature record: CXX_FEATURE:0cxx_reference_qualified_functions
    Feature record: CXX_FEATURE:0cxx_relaxed_constexpr
    Feature record: CXX_FEATURE:0cxx_return_type_deduction
    Feature record: CXX_FEATURE:1cxx_right_angle_brackets
    Feature record: CXX_FEATURE:1cxx_rvalue_references
    Feature record: CXX_FEATURE:1cxx_sizeof_member
    Feature record: CXX_FEATURE:1cxx_static_assert
    Feature record: CXX_FEATURE:1cxx_strong_enums
    Feature record: CXX_FEATURE:1cxx_template_template_parameters
    Feature record: CXX_FEATURE:1cxx_thread_local
    Feature record: CXX_FEATURE:1cxx_trailing_return_types
    Feature record: CXX_FEATURE:1cxx_unicode_literals
    Feature record: CXX_FEATURE:1cxx_uniform_initialization
    Feature record: CXX_FEATURE:1cxx_unrestricted_unions
    Feature record: CXX_FEATURE:1cxx_user_literals
    Feature record: CXX_FEATURE:0cxx_variable_templates
    Feature record: CXX_FEATURE:1cxx_variadic_macros
    Feature record: CXX_FEATURE:1cxx_variadic_templates


Detecting CXX [-std=c++11] compiler features compiled with the following output:
Change Dir: /h/mvanweli/workspace/opencv/tutorials/CMakeFiles/CMakeTmp

Run Build Command:"/usr/bin/gmake" "cmTC_a4b1a/fast"
/usr/bin/gmake -f CMakeFiles/cmTC_a4b1a.dir/build.make CMakeFiles/cmTC_a4b1a.dir/build
gmake[1]: Entering directory `/h/mvanweli/workspace/opencv/tutorials/CMakeFiles/CMakeTmp'
Building CXX object CMakeFiles/cmTC_a4b1a.dir/feature_tests.cxx.o
/usr/sup/bin/c++    -std=c++11 -o CMakeFiles/cmTC_a4b1a.dir/feature_tests.cxx.o -c /h/mvanweli/workspace/opencv/tutorials/CMakeFiles/feature_tests.cxx
Linking CXX executable cmTC_a4b1a
/usr/sup/cmake-3.3.1/bin/cmake -E cmake_link_script CMakeFiles/cmTC_a4b1a.dir/link.txt --verbose=1
/usr/sup/bin/c++        CMakeFiles/cmTC_a4b1a.dir/feature_tests.cxx.o  -o cmTC_a4b1a -rdynamic 
gmake[1]: Leaving directory `/h/mvanweli/workspace/opencv/tutorials/CMakeFiles/CMakeTmp'


    Feature record: CXX_FEATURE:0cxx_aggregate_default_initializers
    Feature record: CXX_FEATURE:1cxx_alias_templates
    Feature record: CXX_FEATURE:1cxx_alignas
    Feature record: CXX_FEATURE:1cxx_alignof
    Feature record: CXX_FEATURE:1cxx_attributes
    Feature record: CXX_FEATURE:0cxx_attribute_deprecated
    Feature record: CXX_FEATURE:1cxx_auto_type
    Feature record: CXX_FEATURE:0cxx_binary_literals
    Feature record: CXX_FEATURE:1cxx_constexpr
    Feature record: CXX_FEATURE:0cxx_contextual_conversions
    Feature record: CXX_FEATURE:1cxx_decltype
    Feature record: CXX_FEATURE:0cxx_decltype_auto
    Feature record: CXX_FEATURE:0cxx_decltype_incomplete_return_types
    Feature record: CXX_FEATURE:1cxx_default_function_template_args
    Feature record: CXX_FEATURE:1cxx_defaulted_functions
    Feature record: CXX_FEATURE:1cxx_defaulted_move_initializers
    Feature record: CXX_FEATURE:1cxx_delegating_constructors
    Feature record: CXX_FEATURE:1cxx_deleted_functions
    Feature record: CXX_FEATURE:0cxx_digit_separators
    Feature record: CXX_FEATURE:1cxx_enum_forward_declarations
    Feature record: CXX_FEATURE:1cxx_explicit_conversions
    Feature record: CXX_FEATURE:1cxx_extended_friend_declarations
    Feature record: CXX_FEATURE:1cxx_extern_templates
    Feature record: CXX_FEATURE:1cxx_final
    Feature record: CXX_FEATURE:1cxx_func_identifier
    Feature record: CXX_FEATURE:1cxx_generalized_initializers
    Feature record: CXX_FEATURE:0cxx_generic_lambdas
    Feature record: CXX_FEATURE:1cxx_inheriting_constructors
    Feature record: CXX_FEATURE:1cxx_inline_namespaces
    Feature record: CXX_FEATURE:1cxx_lambdas
    Feature record: CXX_FEATURE:0cxx_lambda_init_captures
    Feature record: CXX_FEATURE:1cxx_local_type_template_args
    Feature record: CXX_FEATURE:1cxx_long_long_type
    Feature record: CXX_FEATURE:1cxx_noexcept
    Feature record: CXX_FEATURE:1cxx_nonstatic_member_init
    Feature record: CXX_FEATURE:1cxx_nullptr
    Feature record: CXX_FEATURE:1cxx_override
    Feature record: CXX_FEATURE:1cxx_range_for
    Feature record: CXX_FEATURE:1cxx_raw_string_literals
    Feature record: CXX_FEATURE:0cxx_reference_qualified_functions
    Feature record: CXX_FEATURE:0cxx_relaxed_constexpr
    Feature record: CXX_FEATURE:0cxx_return_type_deduction
    Feature record: CXX_FEATURE:1cxx_right_angle_brackets
    Feature record: CXX_FEATURE:1cxx_rvalue_references
    Feature record: CXX_FEATURE:1cxx_sizeof_member
    Feature record: CXX_FEATURE:1cxx_static_assert
    Feature record: CXX_FEATURE:1cxx_strong_enums
    Feature record: CXX_FEATURE:1cxx_template_template_parameters
    Feature record: CXX_FEATURE:1cxx_thread_local
    Feature record: CXX_FEATURE:1cxx_trailing_return_types
    Feature record: CXX_FEATURE:1cxx_unicode_literals
    Feature record: CXX_FEATURE:1cxx_uniform_initialization
    Feature record: CXX_FEATURE:1cxx_unrestricted_unions
    Feature record: CXX_FEATURE:1cxx_user_literals
    Feature record: CXX_FEATURE:0cxx_variable_templates
    Feature record: CXX_FEATURE:1cxx_variadic_macros
    Feature record: CXX_FEATURE:1cxx_variadic_templates


Detecting CXX [-std=c++98] compiler features compiled with the following output:
Change Dir: /h/mvanweli/workspace/opencv/tutorials/CMakeFiles/CMakeTmp

Run Build Command:"/usr/bin/gmake" "cmTC_cd0eb/fast"
/usr/bin/gmake -f CMakeFiles/cmTC_cd0eb.dir/build.make CMakeFiles/cmTC_cd0eb.dir/build
gmake[1]: Entering directory `/h/mvanweli/workspace/opencv/tutorials/CMakeFiles/CMakeTmp'
Building CXX object CMakeFiles/cmTC_cd0eb.dir/feature_tests.cxx.o
/usr/sup/bin/c++    -std=c++98 -o CMakeFiles/cmTC_cd0eb.dir/feature_tests.cxx.o -c /h/mvanweli/workspace/opencv/tutorials/CMakeFiles/feature_tests.cxx
Linking CXX executable cmTC_cd0eb
/usr/sup/cmake-3.3.1/bin/cmake -E cmake_link_script CMakeFiles/cmTC_cd0eb.dir/link.txt --verbose=1
/usr/sup/bin/c++        CMakeFiles/cmTC_cd0eb.dir/feature_tests.cxx.o  -o cmTC_cd0eb -rdynamic 
gmake[1]: Leaving directory `/h/mvanweli/workspace/opencv/tutorials/CMakeFiles/CMakeTmp'


    Feature record: CXX_FEATURE:0cxx_aggregate_default_initializers
    Feature record: CXX_FEATURE:0cxx_alias_templates
    Feature record: CXX_FEATURE:0cxx_alignas
    Feature record: CXX_FEATURE:0cxx_alignof
    Feature record: CXX_FEATURE:0cxx_attributes
    Feature record: CXX_FEATURE:0cxx_attribute_deprecated
    Feature record: CXX_FEATURE:0cxx_auto_type
    Feature record: CXX_FEATURE:0cxx_binary_literals
    Feature record: CXX_FEATURE:0cxx_constexpr
    Feature record: CXX_FEATURE:0cxx_contextual_conversions
    Feature record: CXX_FEATURE:0cxx_decltype
    Feature record: CXX_FEATURE:0cxx_decltype_auto
    Feature record: CXX_FEATURE:0cxx_decltype_incomplete_return_types
    Feature record: CXX_FEATURE:0cxx_default_function_template_args
    Feature record: CXX_FEATURE:0cxx_defaulted_functions
    Feature record: CXX_FEATURE:0cxx_defaulted_move_initializers
    Feature record: CXX_FEATURE:0cxx_delegating_constructors
    Feature record: CXX_FEATURE:0cxx_deleted_functions
    Feature record: CXX_FEATURE:0cxx_digit_separators
    Feature record: CXX_FEATURE:0cxx_enum_forward_declarations
    Feature record: CXX_FEATURE:0cxx_explicit_conversions
    Feature record: CXX_FEATURE:0cxx_extended_friend_declarations
    Feature record: CXX_FEATURE:0cxx_extern_templates
    Feature record: CXX_FEATURE:0cxx_final
    Feature record: CXX_FEATURE:0cxx_func_identifier
    Feature record: CXX_FEATURE:0cxx_generalized_initializers
    Feature record: CXX_FEATURE:0cxx_generic_lambdas
    Feature record: CXX_FEATURE:0cxx_inheriting_constructors
    Feature record: CXX_FEATURE:0cxx_inline_namespaces
    Feature record: CXX_FEATURE:0cxx_lambdas
    Feature record: CXX_FEATURE:0cxx_lambda_init_captures
    Feature record: CXX_FEATURE:0cxx_local_type_template_args
    Feature record: CXX_FEATURE:0cxx_long_long_type
    Feature record: CXX_FEATURE:0cxx_noexcept
    Feature record: CXX_FEATURE:0cxx_nonstatic_member_init
    Feature record: CXX_FEATURE:0cxx_nullptr
    Feature record: CXX_FEATURE:0cxx_override
    Feature record: CXX_FEATURE:0cxx_range_for
    Feature record: CXX_FEATURE:0cxx_raw_string_literals
    Feature record: CXX_FEATURE:0cxx_reference_qualified_functions
    Feature record: CXX_FEATURE:0cxx_relaxed_constexpr
    Feature record: CXX_FEATURE:0cxx_return_type_deduction
    Feature record: CXX_FEATURE:0cxx_right_angle_brackets
    Feature record: CXX_FEATURE:0cxx_rvalue_references
    Feature record: CXX_FEATURE:0cxx_sizeof_member
    Feature record: CXX_FEATURE:0cxx_static_assert
    Feature record: CXX_FEATURE:0cxx_strong_enums
    Feature record: CXX_FEATURE:1cxx_template_template_parameters
    Feature record: CXX_FEATURE:0cxx_thread_local
    Feature record: CXX_FEATURE:0cxx_trailing_return_types
    Feature record: CXX_FEATURE:0cxx_unicode_literals
    Feature record: CXX_FEATURE:0cxx_uniform_initialization
    Feature record: CXX_FEATURE:0cxx_unrestricted_unions
    Feature record: CXX_FEATURE:0cxx_user_literals
    Feature record: CXX_FEATURE:0cxx_variable_templates
    Feature record: CXX_FEATURE:0cxx_variadic_macros
    Feature record: CXX_FEATURE:0cxx_variadic_templates
